2022.06.05 00:20:58 INFO  tracing is disabled for protocol LSP, to enable tracing of incoming and outgoing JSON messages create an empty file at c:\Users\theot\Desktop\twitter\Scala\scala3\.metals\lsp.trace.json or C:\Users\theot\AppData\Local\scalameta\metals\cache\lsp.trace.json
2022.06.05 00:20:59 INFO  logging to file C:\Users\theot\Desktop\twitter\Scala\scala3\.metals\metals.log
2022.06.05 00:20:59 INFO  Started: Metals version 0.11.6 in workspace 'C:\Users\theot\Desktop\twitter\Scala\scala3' for client Visual Studio Code 1.67.2.
2022.06.05 00:20:59 WARN  Can't instantiate JavaInteractiveSemanticdb (version: Some(JdkVersion(8)), jdkHome: C:\Program Files\Java\jre1.8.0_333, javac exists: false)
2022.06.05 00:20:59 INFO  time: initialize in 0.15s
2022.06.05 00:20:59 WARN  Flyway upgrade recommended: H2 2.1.212 is newer than this version of Flyway and support has not been tested. The latest supported version of H2 is 2.1.210.
2022.06.05 00:20:59 WARN  Build server is not auto-connectable.
2022.06.05 00:21:02 WARN  no build target for: C:\Users\theot\Desktop\twitter\Scala\scala3\src\test\scala\MySuite.scala
2022.06.05 00:21:03 INFO  no build target found for C:\Users\theot\Desktop\twitter\Scala\scala3\src\test\scala\MySuite.scala. Using presentation compiler with project's scala-library version: 3.1.2
2022.06.05 00:21:04 INFO  time: code lens generation in 1.97s
2022.06.05 00:21:04 INFO  time: code lens generation in 1.78s
2022.06.05 00:21:04 WARN  no build target for: C:\Users\theot\Desktop\twitter\Scala\scala3\build.sbt
2022.06.05 00:21:14 INFO  running 'C:\Program Files\Java\jre1.8.0_333\bin\java -Djline.terminal=jline.UnsupportedTerminal -Dsbt.log.noformat=true -Dfile.encoding=UTF-8 -jar C:\Users\theot\AppData\Local\Temp\metals9087021393112036560\sbt-launch.jar -Dbloop.export-jar-classifiers=sources bloopInstall'
2022.06.05 00:21:14 ERROR [info] [launcher] getting org.scala-sbt sbt 1.6.2  (this may take some time)...
2022.06.05 00:21:44 ERROR downloading https://repo1.maven.org/maven2/org/scala-sbt/sbt/1.6.2/sbt-1.6.2.jar ...
2022.06.05 00:21:44 ERROR downloading https://repo1.maven.org/maven2/org/scala-sbt/main_2.12/1.6.2/main_2.12-1.6.2.jar ...
2022.06.05 00:21:44 ERROR downloading https://repo1.maven.org/maven2/org/scala-sbt/main-settings_2.12/1.6.2/main-settings_2.12-1.6.2.jar ...
2022.06.05 00:21:44 ERROR downloading https://repo1.maven.org/maven2/org/scala-sbt/io_2.12/1.6.0/io_2.12-1.6.0.jar ...
2022.06.05 00:21:44 ERROR downloading https://repo1.maven.org/maven2/org/scala-sbt/logic_2.12/1.6.2/logic_2.12-1.6.2.jar ...
2022.06.05 00:21:44 ERROR downloading https://repo1.maven.org/maven2/org/scala-sbt/collections_2.12/1.6.2/collections_2.12-1.6.2.jar ...
2022.06.05 00:21:44 ERROR downloading https://repo1.maven.org/maven2/org/scala-sbt/actions_2.12/1.6.2/actions_2.12-1.6.2.jar ...
2022.06.05 00:21:44 ERROR downloading https://repo1.maven.org/maven2/org/scala-lang/scala-library/2.12.15/scala-library-2.12.15.jar ...
2022.06.05 00:21:44 ERROR downloading https://repo1.maven.org/maven2/org/scala-sbt/zinc-lm-integration_2.12/1.6.2/zinc-lm-integration_2.12-1.6.2.jar ...
2022.06.05 00:21:44 ERROR downloading https://repo1.maven.org/maven2/org/scala-sbt/scripted-plugin_2.12/1.6.2/scripted-plugin_2.12-1.6.2.jar ...
2022.06.05 00:21:44 ERROR downloading https://repo1.maven.org/maven2/org/scala-sbt/command_2.12/1.6.2/command_2.12-1.6.2.jar ...
2022.06.05 00:21:44 ERROR :: loading settings :: url = jar:file:/C:/Users/theot/AppData/Local/Temp/metals9087021393112036560/sbt-launch.jar!/org/apache/ivy/core/settings/ivysettings.xml
2022.06.05 00:21:44 ERROR downloading https://repo1.maven.org/maven2/org/scala-sbt/run_2.12/1.6.2/run_2.12-1.6.2.jar ...
2022.06.05 00:21:44 ERROR :: loading settings :: url = jar:file:/C:/Users/theot/AppData/Local/Temp/metals9087021393112036560/sbt-launch.jar!/org/apache/ivy/core/settings/ivysettings.xml
2022.06.05 00:21:44 ERROR :: loading settings :: url = jar:file:/C:/Users/theot/AppData/Local/Temp/metals9087021393112036560/sbt-launch.jar!/org/apache/ivy/core/settings/ivysettings.xml
2022.06.05 00:21:44 ERROR :: loading settings :: url = jar:file:/C:/Users/theot/AppData/Local/Temp/metals9087021393112036560/sbt-launch.jar!/org/apache/ivy/core/settings/ivysettings.xml
2022.06.05 00:21:44 ERROR :: loading settings :: url = jar:file:/C:/Users/theot/AppData/Local/Temp/metals9087021393112036560/sbt-launch.jar!/org/apache/ivy/core/settings/ivysettings.xml
2022.06.05 00:21:44 ERROR :: loading settings :: url = jar:file:/C:/Users/theot/AppData/Local/Temp/metals9087021393112036560/sbt-launch.jar!/org/apache/ivy/core/settings/ivysettings.xml
2022.06.05 00:21:44 ERROR :: loading settings :: url = jar:file:/C:/Users/theot/AppData/Local/Temp/metals9087021393112036560/sbt-launch.jar!/org/apache/ivy/core/settings/ivysettings.xml
2022.06.05 00:21:44 ERROR :: loading settings :: url = jar:file:/C:/Users/theot/AppData/Local/Temp/metals9087021393112036560/sbt-launch.jar!/org/apache/ivy/core/settings/ivysettings.xml
2022.06.05 00:21:44 ERROR :: loading settings :: url = jar:file:/C:/Users/theot/AppData/Local/Temp/metals9087021393112036560/sbt-launch.jar!/org/apache/ivy/core/settings/ivysettings.xml
2022.06.05 00:21:44 ERROR :: loading settings :: url = jar:file:/C:/Users/theot/AppData/Local/Temp/metals9087021393112036560/sbt-launch.jar!/org/apache/ivy/core/settings/ivysettings.xml
2022.06.05 00:21:44 ERROR :: loading settings :: url = jar:file:/C:/Users/theot/AppData/Local/Temp/metals9087021393112036560/sbt-launch.jar!/org/apache/ivy/core/settings/ivysettings.xml
2022.06.05 00:21:44 ERROR :: loading settings :: url = jar:file:/C:/Users/theot/AppData/Local/Temp/metals9087021393112036560/sbt-launch.jar!/org/apache/ivy/core/settings/ivysettings.xml
2022.06.05 00:21:44 ERROR 	[SUCCESSFUL ] org.scala-sbt#run_2.12;1.6.2!run_2.12.jar (199ms)
2022.06.05 00:21:44 ERROR downloading https://repo1.maven.org/maven2/org/scala-sbt/util-logging_2.12/1.6.2/util-logging_2.12-1.6.2.jar ...
2022.06.05 00:21:44 ERROR 	[SUCCESSFUL ] org.scala-sbt#zinc-lm-integration_2.12;1.6.2!zinc-lm-integration_2.12.jar (214ms)
2022.06.05 00:21:44 ERROR downloading https://repo1.maven.org/maven2/org/scala-lang/modules/scala-xml_2.12/1.3.0/scala-xml_2.12-1.3.0.jar ...
2022.06.05 00:21:44 ERROR 	[SUCCESSFUL ] org.scala-sbt#logic_2.12;1.6.2!logic_2.12.jar (238ms)
2022.06.05 00:21:44 ERROR downloading https://repo1.maven.org/maven2/org/scala-sbt/launcher-interface/1.3.3/launcher-interface-1.3.3.jar ...
2022.06.05 00:21:44 ERROR 	[SUCCESSFUL ] org.scala-sbt#sbt;1.6.2!sbt.jar (257ms)
2022.06.05 00:21:44 ERROR downloading https://repo1.maven.org/maven2/com/github/ben-manes/caffeine/caffeine/2.8.5/caffeine-2.8.5.jar ...
2022.06.05 00:21:44 ERROR 	[SUCCESSFUL ] org.scala-sbt#launcher-interface;1.3.3!launcher-interface.jar (87ms)
2022.06.05 00:21:44 ERROR downloading https://repo1.maven.org/maven2/io/get-coursier/lm-coursier-shaded_2.12/2.0.10/lm-coursier-shaded_2.12-2.0.10.jar ...
2022.06.05 00:21:44 ERROR 	[SUCCESSFUL ] org.scala-sbt#collections_2.12;1.6.2!collections_2.12.jar (395ms)
2022.06.05 00:21:44 ERROR downloading https://repo1.maven.org/maven2/org/apache/logging/log4j/log4j-api/2.17.1/log4j-api-2.17.1.jar ...
2022.06.05 00:21:44 ERROR 	[SUCCESSFUL ] org.scala-sbt#scripted-plugin_2.12;1.6.2!scripted-plugin_2.12.jar (426ms)
2022.06.05 00:21:44 ERROR downloading https://repo1.maven.org/maven2/org/apache/logging/log4j/log4j-core/2.17.1/log4j-core-2.17.1.jar ...
2022.06.05 00:21:44 ERROR 	[SUCCESSFUL ] org.scala-sbt#actions_2.12;1.6.2!actions_2.12.jar (576ms)
2022.06.05 00:21:44 ERROR downloading https://repo1.maven.org/maven2/org/apache/logging/log4j/log4j-slf4j-impl/2.17.1/log4j-slf4j-impl-2.17.1.jar ...
2022.06.05 00:21:44 ERROR 	[SUCCESSFUL ] org.apache.logging.log4j#log4j-slf4j-impl;2.17.1!log4j-slf4j-impl.jar (102ms)
2022.06.05 00:21:44 ERROR downloading https://repo1.maven.org/maven2/org/scala-sbt/librarymanagement-core_2.12/1.6.1/librarymanagement-core_2.12-1.6.1.jar ...
2022.06.05 00:21:46 ERROR 	[SUCCESSFUL ] org.apache.logging.log4j#log4j-api;2.17.1!log4j-api.jar (781ms)
2022.06.05 00:21:46 ERROR downloading https://repo1.maven.org/maven2/org/scala-sbt/librarymanagement-ivy_2.12/1.6.1/librarymanagement-ivy_2.12-1.6.1.jar ...
2022.06.05 00:21:46 ERROR 	[SUCCESSFUL ] org.scala-sbt#command_2.12;1.6.2!command_2.12.jar (1193ms)
2022.06.05 00:21:46 ERROR downloading https://repo1.maven.org/maven2/org/scala-sbt/compiler-interface/1.6.0/compiler-interface-1.6.0.jar ...
2022.06.05 00:21:46 ERROR 	[SUCCESSFUL ] org.scala-sbt#util-logging_2.12;1.6.2!util-logging_2.12.jar (1092ms)
2022.06.05 00:21:46 ERROR downloading https://repo1.maven.org/maven2/org/scala-sbt/zinc-compile_2.12/1.6.0/zinc-compile_2.12-1.6.0.jar ...
2022.06.05 00:21:46 ERROR 	[SUCCESSFUL ] org.scala-sbt#zinc-compile_2.12;1.6.0!zinc-compile_2.12.jar (100ms)
2022.06.05 00:21:46 ERROR downloading https://repo1.maven.org/maven2/org/scala-sbt/util-relation_2.12/1.6.2/util-relation_2.12-1.6.2.jar ...
2022.06.05 00:21:46 ERROR 	[SUCCESSFUL ] org.scala-sbt#util-relation_2.12;1.6.2!util-relation_2.12.jar (80ms)
2022.06.05 00:21:46 ERROR downloading https://repo1.maven.org/maven2/org/scala-sbt/util-position_2.12/1.6.2/util-position_2.12-1.6.2.jar ...
2022.06.05 00:21:46 ERROR 	[SUCCESSFUL ] org.scala-sbt#compiler-interface;1.6.0!compiler-interface.jar (324ms)
2022.06.05 00:21:46 ERROR downloading https://repo1.maven.org/maven2/com/eed3si9n/sjson-new-scalajson_2.12/0.9.1/sjson-new-scalajson_2.12-0.9.1.jar ...
2022.06.05 00:21:46 ERROR 	[SUCCESSFUL ] org.scala-sbt#io_2.12;1.6.0!io_2.12.jar (1550ms)
2022.06.05 00:21:46 ERROR downloading https://repo1.maven.org/maven2/org/scala-lang/scala-reflect/2.12.15/scala-reflect-2.12.15.jar ...
2022.06.05 00:21:46 ERROR 	[SUCCESSFUL ] org.scala-lang.modules#scala-xml_2.12;1.3.0!scala-xml_2.12.jar(bundle) (1360ms)
2022.06.05 00:21:46 ERROR downloading https://repo1.maven.org/maven2/com/eed3si9n/sjson-new-core_2.12/0.9.1/sjson-new-core_2.12-0.9.1.jar ...
2022.06.05 00:21:46 ERROR 	[SUCCESSFUL ] org.scala-sbt#util-position_2.12;1.6.2!util-position_2.12.jar (103ms)
2022.06.05 00:21:46 ERROR downloading https://repo1.maven.org/maven2/com/eed3si9n/shaded-jawn-parser_2.12/0.9.1/shaded-jawn-parser_2.12-0.9.1.jar ...
2022.06.05 00:21:46 ERROR 	[SUCCESSFUL ] org.scala-sbt#main-settings_2.12;1.6.2!main-settings_2.12.jar (1606ms)
2022.06.05 00:21:46 ERROR downloading https://repo1.maven.org/maven2/com/eed3si9n/shaded-scalajson_2.12/1.0.0-M4/shaded-scalajson_2.12-1.0.0-M4.jar ...
2022.06.05 00:21:46 ERROR 	[SUCCESSFUL ] com.eed3si9n#sjson-new-scalajson_2.12;0.9.1!sjson-new-scalajson_2.12.jar (119ms)
2022.06.05 00:21:46 ERROR downloading https://repo1.maven.org/maven2/org/scala-sbt/completion_2.12/1.6.2/completion_2.12-1.6.2.jar ...
2022.06.05 00:21:46 ERROR 	[SUCCESSFUL ] com.eed3si9n#shaded-scalajson_2.12;1.0.0-M4!shaded-scalajson_2.12.jar (201ms)
2022.06.05 00:21:46 ERROR downloading https://repo1.maven.org/maven2/org/scala-sbt/task-system_2.12/1.6.2/task-system_2.12-1.6.2.jar ...
2022.06.05 00:21:46 ERROR 	[SUCCESSFUL ] com.eed3si9n#shaded-jawn-parser_2.12;0.9.1!shaded-jawn-parser_2.12.jar (249ms)
2022.06.05 00:21:46 ERROR downloading https://repo1.maven.org/maven2/org/scala-sbt/tasks_2.12/1.6.2/tasks_2.12-1.6.2.jar ...
2022.06.05 00:21:46 ERROR 	[SUCCESSFUL ] org.scala-sbt#tasks_2.12;1.6.2!tasks_2.12.jar (263ms)
2022.06.05 00:21:46 ERROR downloading https://repo1.maven.org/maven2/org/scala-sbt/testing_2.12/1.6.2/testing_2.12-1.6.2.jar ...
2022.06.05 00:21:46 ERROR 	[SUCCESSFUL ] org.scala-sbt#task-system_2.12;1.6.2!task-system_2.12.jar (337ms)
2022.06.05 00:21:46 ERROR downloading https://repo1.maven.org/maven2/org/scala-sbt/util-tracking_2.12/1.6.2/util-tracking_2.12-1.6.2.jar ...
2022.06.05 00:21:47 ERROR 	[SUCCESSFUL ] org.scala-sbt#util-tracking_2.12;1.6.2!util-tracking_2.12.jar (142ms)
2022.06.05 00:21:47 ERROR downloading https://repo1.maven.org/maven2/org/jline/jline-terminal/3.19.0/jline-terminal-3.19.0.jar ...
2022.06.05 00:21:47 ERROR 	[SUCCESSFUL ] org.scala-sbt#completion_2.12;1.6.2!completion_2.12.jar (732ms)
2022.06.05 00:21:47 ERROR downloading https://repo1.maven.org/maven2/org/scala-sbt/zinc-classpath_2.12/1.6.0/zinc-classpath_2.12-1.6.0.jar ...
2022.06.05 00:21:47 ERROR 	[SUCCESSFUL ] com.github.ben-manes.caffeine#caffeine;2.8.5!caffeine.jar (2122ms)
2022.06.05 00:21:47 ERROR downloading https://repo1.maven.org/maven2/org/scala-sbt/zinc-apiinfo_2.12/1.6.0/zinc-apiinfo_2.12-1.6.0.jar ...
2022.06.05 00:21:47 ERROR 	[SUCCESSFUL ] org.scala-sbt#testing_2.12;1.6.2!testing_2.12.jar (503ms)
2022.06.05 00:21:47 ERROR downloading https://repo1.maven.org/maven2/org/scala-sbt/zinc_2.12/1.6.0/zinc_2.12-1.6.0.jar ...
2022.06.05 00:21:47 ERROR 	[SUCCESSFUL ] org.scala-sbt#zinc-classpath_2.12;1.6.0!zinc-classpath_2.12.jar (255ms)
2022.06.05 00:21:47 ERROR downloading https://repo1.maven.org/maven2/org/scala-sbt/util-control_2.12/1.6.2/util-control_2.12-1.6.2.jar ...
2022.06.05 00:21:47 ERROR 	[SUCCESSFUL ] org.scala-sbt#librarymanagement-ivy_2.12;1.6.1!librarymanagement-ivy_2.12.jar (1526ms)
2022.06.05 00:21:47 ERROR downloading https://repo1.maven.org/maven2/org/scala-sbt/jline/jline/2.14.7-sbt-a1b0ffbb8f64bb820f4f84a0c07a0c0964507493/jline-2.14.7-sbt-a1b0ffbb8f64bb820f4f84a0c07a0c0964507493.jar ...
2022.06.05 00:21:47 ERROR 	[SUCCESSFUL ] org.scala-sbt#util-control_2.12;1.6.2!util-control_2.12.jar (92ms)
2022.06.05 00:21:47 ERROR downloading https://repo1.maven.org/maven2/org/jline/jline-reader/3.19.0/jline-reader-3.19.0.jar ...
2022.06.05 00:21:47 ERROR 	[SUCCESSFUL ] org.scala-sbt#librarymanagement-core_2.12;1.6.1!librarymanagement-core_2.12.jar (2042ms)
2022.06.05 00:21:47 ERROR downloading https://repo1.maven.org/maven2/org/jline/jline-builtins/3.19.0/jline-builtins-3.19.0.jar ...
2022.06.05 00:21:47 ERROR 	[SUCCESSFUL ] org.scala-sbt#zinc-apiinfo_2.12;1.6.0!zinc-apiinfo_2.12.jar (410ms)
2022.06.05 00:21:47 ERROR downloading https://repo1.maven.org/maven2/org/scala-sbt/util-interface/1.6.2/util-interface-1.6.2.jar ...
2022.06.05 00:21:47 ERROR 	[SUCCESSFUL ] org.scala-sbt#zinc_2.12;1.6.0!zinc_2.12.jar (236ms)
2022.06.05 00:21:47 ERROR downloading https://repo1.maven.org/maven2/org/scala-sbt/core-macros_2.12/1.6.2/core-macros_2.12-1.6.2.jar ...
2022.06.05 00:21:47 ERROR 	[SUCCESSFUL ] org.scala-sbt#util-interface;1.6.2!util-interface.jar (53ms)
2022.06.05 00:21:47 ERROR downloading https://repo1.maven.org/maven2/org/jline/jline-terminal-jna/3.19.0/jline-terminal-jna-3.19.0.jar ...
2022.06.05 00:21:47 ERROR 	[SUCCESSFUL ] org.jline#jline-terminal;3.19.0!jline-terminal.jar (575ms)
2022.06.05 00:21:47 ERROR downloading https://repo1.maven.org/maven2/org/jline/jline-terminal-jansi/3.19.0/jline-terminal-jansi-3.19.0.jar ...
2022.06.05 00:21:47 ERROR 	[SUCCESSFUL ] org.jline#jline-terminal-jansi;3.19.0!jline-terminal-jansi.jar (142ms)
2022.06.05 00:21:47 ERROR downloading https://repo1.maven.org/maven2/com/lmax/disruptor/3.4.2/disruptor-3.4.2.jar ...
2022.06.05 00:21:47 ERROR 	[SUCCESSFUL ] org.jline#jline-terminal-jna;3.19.0!jline-terminal-jna.jar (192ms)
2022.06.05 00:21:47 ERROR downloading https://repo1.maven.org/maven2/org/scala-lang/scala-compiler/2.12.15/scala-compiler-2.12.15.jar ...
2022.06.05 00:21:47 ERROR 	[SUCCESSFUL ] org.scala-sbt.jline#jline;2.14.7-sbt-a1b0ffbb8f64bb820f4f84a0c07a0c0964507493!jline.jar (374ms)
2022.06.05 00:21:47 ERROR downloading https://repo1.maven.org/maven2/org/fusesource/jansi/jansi/2.1.0/jansi-2.1.0.jar ...
2022.06.05 00:21:47 ERROR 	[SUCCESSFUL ] org.scala-sbt#core-macros_2.12;1.6.2!core-macros_2.12.jar (246ms)
2022.06.05 00:21:47 ERROR downloading https://repo1.maven.org/maven2/com/swoval/file-tree-views/2.1.7/file-tree-views-2.1.7.jar ...
2022.06.05 00:21:47 ERROR 	[SUCCESSFUL ] org.jline#jline-reader;3.19.0!jline-reader.jar (435ms)
2022.06.05 00:21:47 ERROR downloading https://repo1.maven.org/maven2/net/java/dev/jna/jna/5.8.0/jna-5.8.0.jar ...
2022.06.05 00:21:47 ERROR 	[SUCCESSFUL ] com.lmax#disruptor;3.4.2!disruptor.jar (233ms)
2022.06.05 00:21:47 ERROR downloading https://repo1.maven.org/maven2/net/java/dev/jna/jna-platform/5.8.0/jna-platform-5.8.0.jar ...
2022.06.05 00:21:48 ERROR 	[SUCCESSFUL ] org.jline#jline-builtins;3.19.0!jline-builtins.jar (648ms)
2022.06.05 00:21:48 ERROR downloading https://repo1.maven.org/maven2/org/jline/jline-style/3.19.0/jline-style-3.19.0.jar ...
2022.06.05 00:21:48 ERROR 	[SUCCESSFUL ] org.jline#jline-style;3.19.0!jline-style.jar (111ms)
2022.06.05 00:21:48 ERROR downloading https://repo1.maven.org/maven2/org/scala-sbt/util-cache_2.12/1.6.2/util-cache_2.12-1.6.2.jar ...
2022.06.05 00:21:48 ERROR 	[SUCCESSFUL ] com.eed3si9n#sjson-new-core_2.12;0.9.1!sjson-new-core_2.12.jar (2249ms)
2022.06.05 00:21:48 ERROR downloading https://repo1.maven.org/maven2/com/eed3si9n/sjson-new-murmurhash_2.12/0.9.1/sjson-new-murmurhash_2.12-0.9.1.jar ...
2022.06.05 00:21:48 ERROR 	[SUCCESSFUL ] org.fusesource.jansi#jansi;2.1.0!jansi.jar (777ms)
2022.06.05 00:21:48 ERROR downloading https://repo1.maven.org/maven2/org/scala-sbt/test-agent/1.6.2/test-agent-1.6.2.jar ...
2022.06.05 00:21:48 ERROR 	[SUCCESSFUL ] com.eed3si9n#sjson-new-murmurhash_2.12;0.9.1!sjson-new-murmurhash_2.12.jar (66ms)
2022.06.05 00:21:48 ERROR downloading https://repo1.maven.org/maven2/org/scala-sbt/test-interface/1.0/test-interface-1.0.jar ...
2022.06.05 00:21:48 ERROR 	[SUCCESSFUL ] com.swoval#file-tree-views;2.1.7!file-tree-views.jar (844ms)
2022.06.05 00:21:48 ERROR downloading https://repo1.maven.org/maven2/org/scala-sbt/compiler-bridge_2.12/1.6.0/compiler-bridge_2.12-1.6.0.jar ...
2022.06.05 00:21:48 ERROR 	[SUCCESSFUL ] org.scala-sbt#test-agent;1.6.2!test-agent.jar (96ms)
2022.06.05 00:21:48 ERROR downloading https://repo1.maven.org/maven2/org/scala-sbt/zinc-classfile_2.12/1.6.0/zinc-classfile_2.12-1.6.0.jar ...
2022.06.05 00:21:48 ERROR 	[SUCCESSFUL ] org.scala-sbt#test-interface;1.0!test-interface.jar (74ms)
2022.06.05 00:21:48 ERROR downloading https://repo1.maven.org/maven2/com/jcraft/jsch/0.1.54/jsch-0.1.54.jar ...
2022.06.05 00:21:48 ERROR 	[SUCCESSFUL ] org.scala-sbt#util-cache_2.12;1.6.2!util-cache_2.12.jar (536ms)
2022.06.05 00:21:48 ERROR downloading https://repo1.maven.org/maven2/com/eed3si9n/gigahorse-okhttp_2.12/0.5.0/gigahorse-okhttp_2.12-0.5.0.jar ...
2022.06.05 00:21:48 ERROR 	[SUCCESSFUL ] com.eed3si9n#gigahorse-okhttp_2.12;0.5.0!gigahorse-okhttp_2.12.jar (143ms)
2022.06.05 00:21:48 ERROR downloading https://repo1.maven.org/maven2/com/squareup/okhttp3/okhttp-urlconnection/3.7.0/okhttp-urlconnection-3.7.0.jar ...
2022.06.05 00:21:48 ERROR 	[SUCCESSFUL ] org.scala-sbt#zinc-classfile_2.12;1.6.0!zinc-classfile_2.12.jar (329ms)
2022.06.05 00:21:48 ERROR downloading https://repo1.maven.org/maven2/com/eed3si9n/gigahorse-core_2.12/0.5.0/gigahorse-core_2.12-0.5.0.jar ...
2022.06.05 00:21:48 ERROR 	[SUCCESSFUL ] com.squareup.okhttp3#okhttp-urlconnection;3.7.0!okhttp-urlconnection.jar (141ms)
2022.06.05 00:21:48 ERROR downloading https://repo1.maven.org/maven2/com/squareup/okhttp3/okhttp/3.14.2/okhttp-3.14.2.jar ...
2022.06.05 00:21:49 ERROR 	[SUCCESSFUL ] org.scala-sbt#compiler-bridge_2.12;1.6.0!compiler-bridge_2.12.jar (663ms)
2022.06.05 00:21:49 ERROR downloading https://repo1.maven.org/maven2/com/typesafe/ssl-config-core_2.12/0.4.0/ssl-config-core_2.12-0.4.0.jar ...
2022.06.05 00:21:49 ERROR 	[SUCCESSFUL ] org.apache.logging.log4j#log4j-core;2.17.1!log4j-core.jar (4284ms)
2022.06.05 00:21:49 ERROR downloading https://repo1.maven.org/maven2/org/reactivestreams/reactive-streams/1.0.2/reactive-streams-1.0.2.jar ...
2022.06.05 00:21:49 ERROR 	[SUCCESSFUL ] com.jcraft#jsch;0.1.54!jsch.jar (749ms)
2022.06.05 00:21:49 ERROR downloading https://repo1.maven.org/maven2/org/slf4j/slf4j-api/1.7.26/slf4j-api-1.7.26.jar ...
2022.06.05 00:21:49 ERROR 	[SUCCESSFUL ] com.eed3si9n#gigahorse-core_2.12;0.5.0!gigahorse-core_2.12.jar (448ms)
2022.06.05 00:21:49 ERROR downloading https://repo1.maven.org/maven2/org/scala-lang/modules/scala-parser-combinators_2.12/1.1.2/scala-parser-combinators_2.12-1.1.2.jar ...
2022.06.05 00:21:49 ERROR 	[SUCCESSFUL ] org.reactivestreams#reactive-streams;1.0.2!reactive-streams.jar (48ms)
2022.06.05 00:21:49 ERROR downloading https://repo1.maven.org/maven2/com/typesafe/config/1.3.3/config-1.3.3.jar ...
2022.06.05 00:21:49 ERROR 	[SUCCESSFUL ] org.slf4j#slf4j-api;1.7.26!slf4j-api.jar (134ms)
2022.06.05 00:21:49 ERROR downloading https://repo1.maven.org/maven2/com/squareup/okio/okio/1.17.2/okio-1.17.2.jar ...
2022.06.05 00:21:49 ERROR 	[SUCCESSFUL ] com.squareup.okio#okio;1.17.2!okio.jar (269ms)
2022.06.05 00:21:49 ERROR downloading https://repo1.maven.org/maven2/org/scala-sbt/zinc-core_2.12/1.6.0/zinc-core_2.12-1.6.0.jar ...
2022.06.05 00:21:49 ERROR 	[SUCCESSFUL ] org.scala-lang.modules#scala-parser-combinators_2.12;1.1.2!scala-parser-combinators_2.12.jar(bundle) (578ms)
2022.06.05 00:21:49 ERROR downloading https://repo1.maven.org/maven2/org/scala-sbt/zinc-persist_2.12/1.6.0/zinc-persist_2.12-1.6.0.jar ...
2022.06.05 00:21:49 ERROR 	[SUCCESSFUL ] com.typesafe#ssl-config-core_2.12;0.4.0!ssl-config-core_2.12.jar(bundle) (758ms)
2022.06.05 00:21:49 ERROR downloading https://repo1.maven.org/maven2/org/scala-sbt/zinc-compile-core_2.12/1.6.0/zinc-compile-core_2.12-1.6.0.jar ...
2022.06.05 00:21:49 ERROR 	[SUCCESSFUL ] com.squareup.okhttp3#okhttp;3.14.2!okhttp.jar (1067ms)
2022.06.05 00:21:49 ERROR downloading https://repo1.maven.org/maven2/org/scala-sbt/zinc-persist-core-assembly/1.6.0/zinc-persist-core-assembly-1.6.0.jar ...
2022.06.05 00:21:49 ERROR 	[SUCCESSFUL ] com.typesafe#config;1.3.3!config.jar(bundle) (750ms)
2022.06.05 00:21:49 ERROR downloading https://repo1.maven.org/maven2/net/openhft/zero-allocation-hashing/0.10.1/zero-allocation-hashing-0.10.1.jar ...
2022.06.05 00:21:50 ERROR 	[SUCCESSFUL ] net.openhft#zero-allocation-hashing;0.10.1!zero-allocation-hashing.jar(bundle) (214ms)
2022.06.05 00:21:50 ERROR downloading https://repo1.maven.org/maven2/org/scala-sbt/sbinary_2.12/0.5.1/sbinary_2.12-0.5.1.jar ...
2022.06.05 00:21:50 ERROR 	[SUCCESSFUL ] org.scala-sbt#zinc-persist_2.12;1.6.0!zinc-persist_2.12.jar (691ms)
2022.06.05 00:21:50 ERROR 	[SUCCESSFUL ] org.scala-sbt#zinc-compile-core_2.12;1.6.0!zinc-compile-core_2.12.jar (655ms)
2022.06.05 00:21:50 ERROR downloading https://repo1.maven.org/maven2/org/scala-sbt/protocol_2.12/1.6.2/protocol_2.12-1.6.2.jar ...
2022.06.05 00:21:50 ERROR downloading https://repo1.maven.org/maven2/org/scala-sbt/template-resolver/0.1/template-resolver-0.1.jar ...
2022.06.05 00:21:50 ERROR 	[SUCCESSFUL ] org.scala-sbt#template-resolver;0.1!template-resolver.jar (40ms)
2022.06.05 00:21:50 ERROR downloading https://repo1.maven.org/maven2/org/scala-sbt/ipcsocket/ipcsocket/1.3.1/ipcsocket-1.3.1.jar ...
2022.06.05 00:21:50 ERROR 	[SUCCESSFUL ] org.scala-sbt#sbinary_2.12;0.5.1!sbinary_2.12.jar (473ms)
2022.06.05 00:21:50 ERROR downloading https://repo1.maven.org/maven2/org/checkerframework/checker-qual/3.4.1/checker-qual-3.4.1.jar ...
2022.06.05 00:21:50 ERROR 	[SUCCESSFUL ] org.scala-sbt#zinc-core_2.12;1.6.0!zinc-core_2.12.jar (1182ms)
2022.06.05 00:21:50 ERROR downloading https://repo1.maven.org/maven2/com/google/errorprone/error_prone_annotations/2.4.0/error_prone_annotations-2.4.0.jar ...
2022.06.05 00:21:50 ERROR 	[SUCCESSFUL ] com.google.errorprone#error_prone_annotations;2.4.0!error_prone_annotations.jar (77ms)
2022.06.05 00:21:50 ERROR downloading https://repo1.maven.org/maven2/org/scala-lang/modules/scala-collection-compat_2.12/2.6.0/scala-collection-compat_2.12-2.6.0.jar ...
2022.06.05 00:21:50 ERROR 	[SUCCESSFUL ] org.scala-sbt.ipcsocket#ipcsocket;1.3.1!ipcsocket.jar (395ms)
2022.06.05 00:21:50 ERROR downloading https://repo1.maven.org/maven2/org/scala-sbt/ivy/ivy/2.3.0-sbt-fbc4f586aeeb1591710b14eb4f41b94880dcd745/ivy-2.3.0-sbt-fbc4f586aeeb1591710b14eb4f41b94880dcd745.jar ...
2022.06.05 00:21:50 ERROR 	[SUCCESSFUL ] net.java.dev.jna#jna-platform;5.8.0!jna-platform.jar (3214ms)
2022.06.05 00:21:51 ERROR 	[SUCCESSFUL ] org.checkerframework#checker-qual;3.4.1!checker-qual.jar (529ms)
2022.06.05 00:21:51 ERROR 	[SUCCESSFUL ] org.scala-sbt#main_2.12;1.6.2!main_2.12.jar (6948ms)
2022.06.05 00:21:51 ERROR 	[SUCCESSFUL ] org.scala-lang.modules#scala-collection-compat_2.12;2.6.0!scala-collection-compat_2.12.jar (572ms)
2022.06.05 00:21:51 ERROR 	[SUCCESSFUL ] net.java.dev.jna#jna;5.8.0!jna.jar (4018ms)
2022.06.05 00:21:52 ERROR 	[SUCCESSFUL ] org.scala-sbt#protocol_2.12;1.6.2!protocol_2.12.jar (1907ms)
2022.06.05 00:21:52 ERROR 	[SUCCESSFUL ] org.scala-sbt.ivy#ivy;2.3.0-sbt-fbc4f586aeeb1591710b14eb4f41b94880dcd745!ivy.jar (1810ms)
2022.06.05 00:21:52 ERROR 	[SUCCESSFUL ] org.scala-lang#scala-reflect;2.12.15!scala-reflect.jar (7185ms)
2022.06.05 00:21:54 ERROR 	[SUCCESSFUL ] org.scala-sbt#zinc-persist-core-assembly;1.6.0!zinc-persist-core-assembly.jar (3792ms)
2022.06.05 00:21:54 ERROR 	[SUCCESSFUL ] org.scala-lang#scala-library;2.12.15!scala-library.jar (9538ms)
2022.06.05 00:21:57 ERROR 	[SUCCESSFUL ] io.get-coursier#lm-coursier-shaded_2.12;2.0.10!lm-coursier-shaded_2.12.jar (11844ms)
2022.06.05 00:21:57 ERROR 	[SUCCESSFUL ] org.scala-lang#scala-compiler;2.12.15!scala-compiler.jar (9247ms)
2022.06.05 00:21:57 ERROR :: retrieving :: org.scala-sbt#boot-app
2022.06.05 00:21:57 ERROR 	confs: [default]
2022.06.05 00:21:57 ERROR 	83 artifacts copied, 0 already retrieved
2022.06.05 00:21:57 ERROR [info] [launcher] getting Scala 2.12.15 (for sbt)...
2022.06.05 00:21:57 ERROR downloading https://repo1.maven.org/maven2/org/scala-lang/modules/scala-xml_2.12/1.0.6/scala-xml_2.12-1.0.6.jar ...
2022.06.05 00:21:57 ERROR downloading https://repo1.maven.org/maven2/jline/jline/2.14.6/jline-2.14.6.jar ...
2022.06.05 00:21:57 ERROR 	[SUCCESSFUL ] jline#jline;2.14.6!jline.jar (164ms)
2022.06.05 00:21:57 ERROR 	[SUCCESSFUL ] org.scala-lang.modules#scala-xml_2.12;1.0.6!scala-xml_2.12.jar(bundle) (306ms)
2022.06.05 00:21:57 ERROR :: retrieving :: org.scala-sbt#boot-scala
2022.06.05 00:21:57 ERROR 	confs: [default]
2022.06.05 00:21:57 ERROR 	5 artifacts copied, 0 already retrieved
2022.06.05 00:21:58 INFO  [info] welcome to sbt 1.6.2 (Oracle Corporation Java 1.8.0_333)
2022.06.05 00:21:59 INFO  [info] loading settings for project scala3-build-build from metals.sbt ...
2022.06.05 00:21:59 INFO  [info] loading project definition from C:\Users\theot\Desktop\twitter\Scala\scala3\project\project
2022.06.05 00:22:04 INFO  [info] loading settings for project scala3-build from metals.sbt ...
2022.06.05 00:22:04 INFO  [info] loading project definition from C:\Users\theot\Desktop\twitter\Scala\scala3\project
2022.06.05 00:22:16 INFO  [success] Generated .bloop\scala3-build.json
2022.06.05 00:22:16 INFO  [success] Total time: 13 s, completed 2022å¹?6???5?—¥ ä¸Šå??12:22:17
2022.06.05 00:22:16 INFO  [info] loading settings for project root from build.sbt ...
2022.06.05 00:22:16 INFO  [info] set current project to scala3 (in build file:/C:/Users/theot/Desktop/twitter/Scala/scala3/)
2022.06.05 00:22:22 INFO  [success] Generated .bloop\root-test.json
2022.06.05 00:22:22 INFO  [success] Generated .bloop\root.json
2022.06.05 00:22:22 INFO  [success] Total time: 4 s, completed 2022å¹?6???5?—¥ ä¸Šå??12:22:22
2022.06.05 00:22:22 INFO  time: ran 'sbt bloopInstall' in 1m7s
2022.06.05 00:22:22 INFO  Attempting to connect to the build server...
2022.06.05 00:22:26 WARN  no build target for: C:\Users\theot\Desktop\twitter\Scala\scala3\src\main\scala\Main.scala
2022.06.05 00:22:35 INFO  tracing is disabled for protocol BSP, to enable tracing of incoming and outgoing JSON messages create an empty file at C:\Users\theot\Desktop\twitter\Scala\scala3\.metals\bsp.trace.json or C:\Users\theot\AppData\Local\scalameta\metals\cache\bsp.trace.json
2022.06.05 00:22:36 INFO  Attempting to connect to the build server...
2022.06.05 00:22:36 INFO  tracing is disabled for protocol BSP, to enable tracing of incoming and outgoing JSON messages create an empty file at C:\Users\theot\Desktop\twitter\Scala\scala3\project\.metals\bsp.trace.json or C:\Users\theot\AppData\Local\scalameta\metals\cache\bsp.trace.json
2022.06.05 00:22:39 INFO  time: Connected to build server in 17s
2022.06.05 00:22:39 INFO  Connected to Build server: Bloop v1.5.0-18-003e6c7b
2022.06.05 00:22:44 WARN  Could not find java sources in C:\Program Files\Java\src.zip, C:\Program Files\Java\lib\src.zip, C:\Program Files\Java\jre1.8.0_333\src.zip, C:\Program Files\Java\jre1.8.0_333\lib\src.zip. Java symbols will not be available.
2022.06.05 00:22:45 WARN  Could not find java sources in C:\Program Files\Java\src.zip, C:\Program Files\Java\lib\src.zip, C:\Program Files\Java\jre1.8.0_333\src.zip, C:\Program Files\Java\jre1.8.0_333\lib\src.zip. Java symbols will not be available.
2022.06.05 00:22:45 INFO  time: indexed workspace in 6s
2022.06.05 00:22:46 INFO  compiling root (1 scala source)
2022.06.05 00:22:47 INFO  compiling root-test (1 scala source)
2022.06.05 00:22:47 INFO  time: compiled root in 2.04s
2022.06.05 00:22:47 INFO  time: compiled root-test in 0.66s
